<?xml version="1.0" encoding="UTF-8"?>
<!-- Generated by org.testng.reporters.JUnitReportReporter -->
<testsuite hostname="LAPTOP-84AAFFGG" failures="1" tests="1" name="CRUDOperationsUsingBDD.AssertionForMultipleProject" time="5.264" errors="0" timestamp="2022-12-28T21:42:51 IST" skipped="0">
  <testcase classname="CRUDOperationsUsingBDD.AssertionForMultipleProject" name="mutipleProject" time="5.264">
    <failure message="1 expectation failed.
JSON path projectName doesn&#039;t match.
Expected: (a collection containing &quot;Sigma&quot; and a collection containing &quot;Kannada&quot; and a collection containing &quot;Mountain&quot; and a collection containing &quot;Acer&quot;)
  Actual: &lt;[Sigma, Alpha705, Gamma282, Numeric4907, Delta1628, Beta1931, Alpha4073, Gamma2892, Pulse05, Delta210, Beta3640, Alpha3167, Gamma4778, Numeric3006, Delta1056, Beta123, Alpha4200, Gamma4073, Numeric4825, Delta2242, Beta1888, Decorum2837, Decorum7, Decorum4939, Decorum497, null, Command2185, Command3093, Command4337, Pulse05, Mountain, Mountain01, Acer, Acer2, Acer21, Acer22, AcerxG, AcernT, AcerAIy, AcerUAe, AcerfFu, Acer03oKc, Acer03toq, Acer03Eel, Acer03fnf, Acer03ZMD, Decorum, Rainbow, @#^&amp;*(), Ab, RaAkijydhtgbjkjskiuyebkgdlaJAHSGDLKGKIUYERBlurksnbdkhjjbckhkjsdkgskdfjgksjdlkfgaliuyefkjbsnmcblksbidfkhsdkg;hfljhskgdflkgkjgdk;fjhk;sjdhjbskcbviusdgfk;hbdwf, Tracker, Carbon, Neon, Crypto, Trigno, Prism, Wagon, DecorumNaN, Decorum799, Decorum1326, Decorum1850, Decorum1523, Local, Decorum267, Decorum2816, Decorum982, Decorum3801, Decorum1229, Decorum2170, Math.floor(Math.random()*5000);, Decorum4028, Decorum441, Decorum3195, Decorum3380, Decorum2880, Decorum4420, Decorum766, Decorum2405, Decorum371, Decorum420, Decorum2664, Decorum1667, Decorum874, Decorum3053]&gt;
" type="java.lang.AssertionError">
      <![CDATA[java.lang.AssertionError: 1 expectation failed.
JSON path projectName doesn't match.
Expected: (a collection containing "Sigma" and a collection containing "Kannada" and a collection containing "Mountain" and a collection containing "Acer")
  Actual: <[Sigma, Alpha705, Gamma282, Numeric4907, Delta1628, Beta1931, Alpha4073, Gamma2892, Pulse05, Delta210, Beta3640, Alpha3167, Gamma4778, Numeric3006, Delta1056, Beta123, Alpha4200, Gamma4073, Numeric4825, Delta2242, Beta1888, Decorum2837, Decorum7, Decorum4939, Decorum497, null, Command2185, Command3093, Command4337, Pulse05, Mountain, Mountain01, Acer, Acer2, Acer21, Acer22, AcerxG, AcernT, AcerAIy, AcerUAe, AcerfFu, Acer03oKc, Acer03toq, Acer03Eel, Acer03fnf, Acer03ZMD, Decorum, Rainbow, @#^&*(), Ab, RaAkijydhtgbjkjskiuyebkgdlaJAHSGDLKGKIUYERBlurksnbdkhjjbckhkjsdkgskdfjgksjdlkfgaliuyefkjbsnmcblksbidfkhsdkg;hfljhskgdflkgkjgdk;fjhk;sjdhjbskcbviusdgfk;hbdwf, Tracker, Carbon, Neon, Crypto, Trigno, Prism, Wagon, DecorumNaN, Decorum799, Decorum1326, Decorum1850, Decorum1523, Local, Decorum267, Decorum2816, Decorum982, Decorum3801, Decorum1229, Decorum2170, Math.floor(Math.random()*5000);, Decorum4028, Decorum441, Decorum3195, Decorum3380, Decorum2880, Decorum4420, Decorum766, Decorum2405, Decorum371, Decorum420, Decorum2664, Decorum1667, Decorum874, Decorum3053]>

at java.base/jdk.internal.reflect.NativeConstructorAccessorImpl.newInstance0(Native Method)
at java.base/jdk.internal.reflect.NativeConstructorAccessorImpl.newInstance(NativeConstructorAccessorImpl.java:62)
at java.base/jdk.internal.reflect.DelegatingConstructorAccessorImpl.newInstance(DelegatingConstructorAccessorImpl.java:45)
at java.base/java.lang.reflect.Constructor.newInstance(Constructor.java:490)
at org.codehaus.groovy.reflection.CachedConstructor.invoke(CachedConstructor.java:72)
at org.codehaus.groovy.reflection.CachedConstructor.doConstructorInvoke(CachedConstructor.java:59)
at org.codehaus.groovy.runtime.callsite.ConstructorSite$ConstructorSiteNoUnwrap.callConstructor(ConstructorSite.java:84)
at org.codehaus.groovy.runtime.callsite.CallSiteArray.defaultCallConstructor(CallSiteArray.java:59)
at org.codehaus.groovy.runtime.callsite.AbstractCallSite.callConstructor(AbstractCallSite.java:263)
at org.codehaus.groovy.runtime.callsite.AbstractCallSite.callConstructor(AbstractCallSite.java:277)
at io.restassured.internal.ResponseSpecificationImpl$HamcrestAssertionClosure.validate(ResponseSpecificationImpl.groovy:493)
at io.restassured.internal.ResponseSpecificationImpl$HamcrestAssertionClosure$validate$1.call(Unknown Source)
at io.restassured.internal.ResponseSpecificationImpl.validateResponseIfRequired(ResponseSpecificationImpl.groovy:674)
at java.base/jdk.internal.reflect.NativeMethodAccessorImpl.invoke0(Native Method)
at java.base/jdk.internal.reflect.NativeMethodAccessorImpl.invoke(NativeMethodAccessorImpl.java:62)
at java.base/jdk.internal.reflect.DelegatingMethodAccessorImpl.invoke(DelegatingMethodAccessorImpl.java:43)
at java.base/java.lang.reflect.Method.invoke(Method.java:566)
at org.codehaus.groovy.runtime.callsite.PlainObjectMetaMethodSite.doInvoke(PlainObjectMetaMethodSite.java:43)
at org.codehaus.groovy.runtime.callsite.PogoMetaMethodSite$PogoCachedMethodSiteNoUnwrapNoCoerce.invoke(PogoMetaMethodSite.java:193)
at org.codehaus.groovy.runtime.callsite.PogoMetaMethodSite.callCurrent(PogoMetaMethodSite.java:61)
at org.codehaus.groovy.runtime.callsite.CallSiteArray.defaultCallCurrent(CallSiteArray.java:51)
at org.codehaus.groovy.runtime.callsite.AbstractCallSite.callCurrent(AbstractCallSite.java:171)
at org.codehaus.groovy.runtime.callsite.AbstractCallSite.callCurrent(AbstractCallSite.java:185)
at io.restassured.internal.ResponseSpecificationImpl.body(ResponseSpecificationImpl.groovy:261)
at io.restassured.specification.ResponseSpecification$body$1.callCurrent(Unknown Source)
at org.codehaus.groovy.runtime.callsite.CallSiteArray.defaultCallCurrent(CallSiteArray.java:51)
at org.codehaus.groovy.runtime.callsite.AbstractCallSite.callCurrent(AbstractCallSite.java:171)
at org.codehaus.groovy.runtime.callsite.AbstractCallSite.callCurrent(AbstractCallSite.java:212)
at io.restassured.internal.ResponseSpecificationImpl.body(ResponseSpecificationImpl.groovy:108)
at io.restassured.internal.ValidatableResponseOptionsImpl.body(ValidatableResponseOptionsImpl.java:244)
at io.restassured.internal.ValidatableResponseImpl.super$2$body(ValidatableResponseImpl.groovy)
at java.base/jdk.internal.reflect.NativeMethodAccessorImpl.invoke0(Native Method)
at java.base/jdk.internal.reflect.NativeMethodAccessorImpl.invoke(NativeMethodAccessorImpl.java:62)
at java.base/jdk.internal.reflect.DelegatingMethodAccessorImpl.invoke(DelegatingMethodAccessorImpl.java:43)
at java.base/java.lang.reflect.Method.invoke(Method.java:566)
at org.codehaus.groovy.reflection.CachedMethod.invoke(CachedMethod.java:107)
at groovy.lang.MetaMethod.doMethodInvoke(MetaMethod.java:323)
at groovy.lang.MetaClassImpl.invokeMethod(MetaClassImpl.java:1268)
at org.codehaus.groovy.runtime.ScriptBytecodeAdapter.invokeMethodOnSuperN(ScriptBytecodeAdapter.java:144)
at io.restassured.internal.ValidatableResponseImpl.body(ValidatableResponseImpl.groovy:298)
at io.restassured.internal.ValidatableResponseImpl.body(ValidatableResponseImpl.groovy)
at CRUDOperationsUsingBDD.AssertionForMultipleProject.mutipleProject(AssertionForMultipleProject.java:24)
at java.base/jdk.internal.reflect.NativeMethodAccessorImpl.invoke0(Native Method)
at java.base/jdk.internal.reflect.NativeMethodAccessorImpl.invoke(NativeMethodAccessorImpl.java:62)
at java.base/jdk.internal.reflect.DelegatingMethodAccessorImpl.invoke(DelegatingMethodAccessorImpl.java:43)
at java.base/java.lang.reflect.Method.invoke(Method.java:566)
at org.testng.internal.MethodInvocationHelper.invokeMethod(MethodInvocationHelper.java:133)
at org.testng.internal.TestInvoker.invokeMethod(TestInvoker.java:598)
at org.testng.internal.TestInvoker.invokeTestMethod(TestInvoker.java:173)
at org.testng.internal.MethodRunner.runInSequence(MethodRunner.java:46)
at org.testng.internal.TestInvoker$MethodInvocationAgent.invoke(TestInvoker.java:824)
at org.testng.internal.TestInvoker.invokeTestMethods(TestInvoker.java:146)
at org.testng.internal.TestMethodWorker.invokeTestMethods(TestMethodWorker.java:146)
at org.testng.internal.TestMethodWorker.run(TestMethodWorker.java:128)
at java.base/java.util.ArrayList.forEach(ArrayList.java:1540)
at org.testng.TestRunner.privateRun(TestRunner.java:794)
at org.testng.TestRunner.run(TestRunner.java:596)
at org.testng.SuiteRunner.runTest(SuiteRunner.java:377)
at org.testng.SuiteRunner.runSequentially(SuiteRunner.java:371)
at org.testng.SuiteRunner.privateRun(SuiteRunner.java:332)
at org.testng.SuiteRunner.run(SuiteRunner.java:276)
at org.testng.SuiteRunnerWorker.runSuite(SuiteRunnerWorker.java:53)
at org.testng.SuiteRunnerWorker.run(SuiteRunnerWorker.java:96)
at org.testng.TestNG.runSuitesSequentially(TestNG.java:1212)
at org.testng.TestNG.runSuitesLocally(TestNG.java:1134)
at org.testng.TestNG.runSuites(TestNG.java:1063)
at org.testng.TestNG.run(TestNG.java:1031)
at org.testng.remote.AbstractRemoteTestNG.run(AbstractRemoteTestNG.java:115)
at org.testng.remote.RemoteTestNG.initAndRun(RemoteTestNG.java:251)
at org.testng.remote.RemoteTestNG.main(RemoteTestNG.java:77)
]]>
    </failure>
  </testcase> <!-- mutipleProject -->
  <system-out/>
</testsuite> <!-- CRUDOperationsUsingBDD.AssertionForMultipleProject -->
